Assignments/mod8asgmt/build/app/outputs/mapping/release/seeds.txt
com.example.mod8asgmt.MainActivity
com.example.mod8asgmt.MainActivity: MainActivity()
...
androidx.window.java.layout.WindowInfoTrackerCallbackAdapter: java.util.concurrent.locks.ReentrantLock lock
kotlinx.coroutines.android.HandlerDispatcherKt: android.view.Choreographer choreographer
androidx.window.layout.SidecarCompat$DistinctSidecarElementCallback: androidx.window.sidecar.SidecarInterface$SidecarCallback callbackInterface
androidx.window.embedding.EmbeddingCompat: androidx.window.embedding.EmbeddingAdapter adapter
androidx.window.embedding.ActivityStack: java.util.List activities
androidx.lifecycle.Lifecycle$Event: androidx.lifecycle.Lifecycle$Event ON_CREATE
androidx.window.layout.HardwareFoldingFeature: androidx.window.layout.HardwareFoldingFeature$Companion Companion
io.flutter.plugin.editing.ImeSyncDeferringInsetsCallback: android.view.View view
kotlin.jvm.internal.CallableReference: java.lang.String signature
androidx.window.embedding.SplitPlaceholderRule: java.util.Set filters
kotlinx.coroutines.DispatchedCoroutine: int _decision
androidx.window.layout.FoldingFeature$Orientation: androidx.window.layout.FoldingFeature$Orientation HORIZONTAL
androidx.window.embedding.SplitController: java.util.Set staticSplitRules
io.flutter.view.FlutterCallbackInformation: java.lang.String callbackClassName
androidx.window.layout.SidecarAdapter: java.lang.String TAG
io.flutter.embedding.engine.FlutterJNI: io.flutter.embedding.engine.FlutterJNI$AccessibilityDelegate accessibilityDelegate
kotlin.jvm.internal.FunctionReference: int arity
androidx.window.layout.SidecarCompat$registerConfigurationChangeListener$configChangeObserver$1: androidx.window.layout.SidecarCompat this$0
androidx.window.embedding.MatcherUtils: boolean sDebugMatchers
androidx.window.layout.SidecarWindowBackend: boolean DEBUG
io.flutter.embedding.engine.FlutterJNI: float displayDensity
io.flutter.embedding.engine.FlutterJNI: io.flutter.embedding.engine.deferredcomponents.DeferredComponentManager deferredComponentManager
io.flutter.plugin.platform.SingleViewPresentation: android.content.Context outerContext
kotlinx.coroutines.android.HandlerContext: kotlinx.coroutines.android.HandlerContext _immediate
kotlinx.coroutines.internal.LockFreeTaskQueueCore: java.lang.Object _next
kotlinx.coroutines.EventLoopImplBase: java.lang.Object _delayed
androidx.window.layout.WindowMetricsCalculator$Companion$decorator$1: androidx.window.layout.WindowMetricsCalculator$Companion$decorator$1 INSTANCE
androidx.window.layout.SidecarCompat: java.util.Map componentCallbackMap
io.flutter.view.AccessibilityViewEmbedder: java.util.Map embeddedViewToDisplayBounds
androidx.window.R$attr: int secondaryActivityAction
androidx.window.layout.SidecarWindowBackend: androidx.window.layout.SidecarWindowBackend globalInstance
kotlinx.coroutines.JobSupport: java.lang.Object _parentHandle
io.flutter.embedding.engine.FlutterJNI: java.lang.String vmServiceUri
androidx.window.layout.WindowInfoTracker: androidx.window.layout.WindowInfoTracker$Companion Companion
io.flutter.embedding.android.FlutterSplashView$SavedState: java.lang.String previousCompletedSplashIsolate
androidx.window.R$attr: int primaryActivityName
androidx.window.R$styleable: int SplitPairFilter_secondaryActivityName
androidx.window.R$styleable: int[] ActivityFilter
androidx.window.embedding.ExtensionEmbeddingBackend$SplitListenerWrapper: android.app.Activity activity
io.flutter.embedding.engine.FlutterJNI: io.flutter.plugin.platform.PlatformViewsController platformViewsController
io.flutter.plugin.editing.ImeSyncDeferringInsetsCallback: io.flutter.plugin.editing.ImeSyncDeferringInsetsCallback$AnimationCallback animationCallback
androidx.window.layout.FoldingFeature$OcclusionType: androidx.window.layout.FoldingFeature$OcclusionType NONE
androidx.window.layout.SidecarCompat$registerConfigurationChangeListener$configChangeObserver$1: android.app.Activity $activity
androidx.window.R$styleable: int SplitPlaceholderRule_placeholderActivityName