Assignments/mod8asgmt/build/app/outputs/mapping/release/mapping.txt
# compiler: R8
# compiler_version: 3.3.70
# min_api: 19
# common_typos_disable
# {"id":"com.android.tools.r8.mapping","version":"2.0"}
# pg_map_id: c8bc85f
# pg_map_hash: SHA-256 c8bc85f91479623dfe6131a7f57532dc46aad6bac42c8e4cd7b2812f4ab292b9
...
io.flutter.embedding.engine.loader.FlutterLoader$InitResult -> p.d$b:
    java.lang.String appStoragePath -> a
    java.lang.String dataDirPath -> c
    java.lang.String engineCachesPath -> b
io.flutter.embedding.engine.loader.FlutterLoader$Settings -> p.d$c:
    java.lang.String logTag -> a
    java.lang.String getLogTag() -> a
io.flutter.embedding.engine.loader.ResourceExtractor -> p.e:
io.flutter.embedding.engine.mutatorsstack.FlutterMutatorView -> q.a:
    android.view.ViewTreeObserver$OnGlobalFocusChangeListener activeFocusListener -> h
    int prevTop -> f
    float screenDensity -> b
    int top -> d
    io.flutter.embedding.engine.mutatorsstack.FlutterMutatorsStack mutatorsStack -> a
    int prevLeft -> e
    io.flutter.embedding.android.AndroidTouchProcessor androidTouchProcessor -> g
    int left -> c
    void readyToDisplay(io.flutter.embedding.engine.mutatorsstack.FlutterMutatorsStack,int,int,int,int) -> a
    void unsetOnDescendantFocusChangeListener() -> b
io.flutter.embedding.engine.mutatorsstack.FlutterMutatorView$1 -> q.a$a:
    android.view.View$OnFocusChangeListener val$userFocusListener -> a
    io.flutter.embedding.engine.mutatorsstack.FlutterMutatorView this$0 -> c
    android.view.View val$mutatorView -> b
io.flutter.embedding.engine.mutatorsstack.FlutterMutatorsStack$FlutterMutator -> io.flutter.embedding.engine.mutatorsstack.FlutterMutatorsStack$a:
    io.flutter.embedding.engine.mutatorsstack.FlutterMutatorsStack$FlutterMutatorType type -> d
    float[] radiis -> c
    android.graphics.Matrix matrix -> a
    android.graphics.Rect rect -> b
    io.flutter.embedding.engine.mutatorsstack.FlutterMutatorsStack this$0 -> e
    android.graphics.Matrix getMatrix() -> a
io.flutter.embedding.engine.mutatorsstack.FlutterMutatorsStack$FlutterMutatorType -> io.flutter.embedding.engine.mutatorsstack.FlutterMutatorsStack$b:
    io.flutter.embedding.engine.mutatorsstack.FlutterMutatorsStack$FlutterMutatorType OPACITY -> h
    io.flutter.embedding.engine.mutatorsstack.FlutterMutatorsStack$FlutterMutatorType[] $VALUES -> i
    io.flutter.embedding.engine.mutatorsstack.FlutterMutatorsStack$FlutterMutatorType CLIP_RECT -> d
    io.flutter.embedding.engine.mutatorsstack.FlutterMutatorsStack$FlutterMutatorType CLIP_RRECT -> e
    io.flutter.embedding.engine.mutatorsstack.FlutterMutatorsStack$FlutterMutatorType CLIP_PATH -> f
    io.flutter.embedding.engine.mutatorsstack.FlutterMutatorsStack$FlutterMutatorType TRANSFORM -> g
io.flutter.embedding.engine.plugins.FlutterPlugin -> r.a:
    void onDetachedFromEngine(io.flutter.embedding.engine.plugins.FlutterPlugin$FlutterPluginBinding) -> e
    void onAttachedToEngine(io.flutter.embedding.engine.plugins.FlutterPlugin$FlutterPluginBinding) -> g
io.flutter.embedding.engine.plugins.FlutterPlugin$FlutterAssets -> r.a$a:
io.flutter.embedding.engine.plugins.FlutterPlugin$FlutterPluginBinding -> r.a$b:
    android.content.Context applicationContext -> a
    io.flutter.plugin.platform.PlatformViewRegistry platformViewRegistry -> e
    io.flutter.view.TextureRegistry textureRegistry -> d
    io.flutter.embedding.engine.FlutterEngineGroup group -> g
    io.flutter.embedding.engine.FlutterEngine flutterEngine -> b
    io.flutter.embedding.engine.plugins.FlutterPlugin$FlutterAssets flutterAssets -> f
    io.flutter.plugin.common.BinaryMessenger binaryMessenger -> c
    android.content.Context getApplicationContext() -> a
    io.flutter.plugin.common.BinaryMessenger getBinaryMessenger() -> b
io.flutter.embedding.engine.plugins.PluginRegistry -> r.b:
    void add(io.flutter.embedding.engine.plugins.FlutterPlugin) -> g